2014-12-24 10:49:59,656 [Worker-4] INFO  o.e.m.c.i.l.LifecycleMappingFactory - Using org.eclipse.m2e.jdt.JarLifecycleMapping lifecycle mapping for MavenProject: org.middleware:tp1_rmi:0.0.1-SNAPSHOT @ /Users/rbo/TP_Middleware/tp1_rmi/pom.xml.
2014-12-24 10:49:59,737 [Worker-4] INFO  o.e.m.c.i.l.LifecycleMappingFactory - Using org.eclipse.m2e.jdt.JarLifecycleMapping lifecycle mapping for MavenProject: org.middleware:tp2_rmi:0.0.1-SNAPSHOT @ /Users/rbo/TP_Middleware/tp2_rmi/pom.xml.
2014-12-24 10:50:00,452 [Worker-4] INFO  o.e.m.j.i.AbstractJavaProjectConfigurator - Adding source folder /tp1_rmi/src/main/java
2014-12-24 10:50:00,453 [Worker-4] INFO  o.e.m.j.i.AbstractJavaProjectConfigurator - Adding source folder /tp1_rmi/src/test/java
2014-12-24 10:50:00,677 [Worker-8] INFO  o.e.m.c.i.l.LifecycleMappingFactory - Using org.eclipse.m2e.jdt.JarLifecycleMapping lifecycle mapping for MavenProject: org.middleware:tp1_rmi:0.0.1-SNAPSHOT @ /Users/rbo/TP_Middleware/tp1_rmi/pom.xml.
2014-12-24 10:50:00,846 [Worker-8] INFO  o.e.m.c.i.l.LifecycleMappingFactory - Using org.eclipse.m2e.jdt.JarLifecycleMapping lifecycle mapping for MavenProject: org.middleware:tp2_rmi:0.0.1-SNAPSHOT @ /Users/rbo/TP_Middleware/tp2_rmi/pom.xml.
2014-12-24 10:50:00,853 [Worker-4] INFO  o.e.m.j.i.AbstractJavaProjectConfigurator - Adding source folder /tp2_rmi/src/main/java
2014-12-24 10:50:00,854 [Worker-4] INFO  o.e.m.j.i.AbstractJavaProjectConfigurator - Adding source folder /tp2_rmi/src/test/java
2014-12-24 10:50:00,927 [Worker-4] INFO  o.e.m.c.i.p.ProjectConfigurationManager - Imported and configured 2 project(s) in 8 sec
2014-12-24 10:50:04,621 [Worker-5] INFO  o.e.m.c.i.embedder.EclipseLogger - Using 'UTF-8' encoding to copy filtered resources.
2014-12-24 10:50:04,621 [Worker-5] INFO  o.e.m.c.i.embedder.EclipseLogger - skip non existing resourceDirectory /Users/rbo/TP_Middleware/tp1_rmi/src/main/resources
2014-12-24 10:50:04,624 [Worker-5] INFO  o.e.m.c.i.embedder.EclipseLogger - Using 'UTF-8' encoding to copy filtered resources.
2014-12-24 10:50:04,624 [Worker-5] INFO  o.e.m.c.i.embedder.EclipseLogger - skip non existing resourceDirectory /Users/rbo/TP_Middleware/tp1_rmi/src/test/resources
2014-12-24 10:50:04,829 [Worker-5] INFO  o.e.m.c.i.embedder.EclipseLogger - Using 'UTF-8' encoding to copy filtered resources.
2014-12-24 10:50:04,830 [Worker-5] INFO  o.e.m.c.i.embedder.EclipseLogger - skip non existing resourceDirectory /Users/rbo/TP_Middleware/tp2_rmi/src/main/resources
2014-12-24 10:50:04,831 [Worker-5] INFO  o.e.m.c.i.embedder.EclipseLogger - Using 'UTF-8' encoding to copy filtered resources.
2014-12-24 10:50:04,831 [Worker-5] INFO  o.e.m.c.i.embedder.EclipseLogger - skip non existing resourceDirectory /Users/rbo/TP_Middleware/tp2_rmi/src/test/resources
2014-12-24 10:51:05,135 [Worker-11] INFO  o.e.m.c.i.embedder.EclipseLogger - Using 'UTF-8' encoding to copy filtered resources.
2014-12-24 10:51:05,135 [Worker-11] INFO  o.e.m.c.i.embedder.EclipseLogger - skip non existing resourceDirectory /Users/rbo/TP_Middleware/tp1_rmi/src/main/resources
2014-12-24 10:51:05,137 [Worker-11] INFO  o.e.m.c.i.embedder.EclipseLogger - Using 'UTF-8' encoding to copy filtered resources.
2014-12-24 10:51:05,137 [Worker-11] INFO  o.e.m.c.i.embedder.EclipseLogger - skip non existing resourceDirectory /Users/rbo/TP_Middleware/tp1_rmi/src/test/resources
2014-12-24 10:51:55,714 [Worker-10] INFO  o.e.m.c.i.embedder.EclipseLogger - Using 'UTF-8' encoding to copy filtered resources.
2014-12-24 10:51:55,714 [Worker-10] INFO  o.e.m.c.i.embedder.EclipseLogger - skip non existing resourceDirectory /Users/rbo/TP_Middleware/tp1_rmi/src/main/resources
2014-12-24 10:51:55,716 [Worker-10] INFO  o.e.m.c.i.embedder.EclipseLogger - Using 'UTF-8' encoding to copy filtered resources.
2014-12-24 10:51:55,716 [Worker-10] INFO  o.e.m.c.i.embedder.EclipseLogger - skip non existing resourceDirectory /Users/rbo/TP_Middleware/tp1_rmi/src/test/resources
2014-12-24 10:51:55,721 [Worker-10] INFO  o.e.m.c.i.embedder.EclipseLogger - Using 'UTF-8' encoding to copy filtered resources.
2014-12-24 10:51:55,722 [Worker-10] INFO  o.e.m.c.i.embedder.EclipseLogger - skip non existing resourceDirectory /Users/rbo/TP_Middleware/tp2_rmi/src/main/resources
2014-12-24 10:51:55,723 [Worker-10] INFO  o.e.m.c.i.embedder.EclipseLogger - Using 'UTF-8' encoding to copy filtered resources.
2014-12-24 10:51:55,724 [Worker-10] INFO  o.e.m.c.i.embedder.EclipseLogger - skip non existing resourceDirectory /Users/rbo/TP_Middleware/tp2_rmi/src/test/resources
2014-12-24 10:52:08,804 [Worker-8] INFO  o.e.m.c.i.embedder.EclipseLogger - Using 'UTF-8' encoding to copy filtered resources.
2014-12-24 10:52:08,804 [Worker-8] INFO  o.e.m.c.i.embedder.EclipseLogger - skip non existing resourceDirectory /Users/rbo/TP_Middleware/tp1_rmi/src/main/resources
2014-12-24 10:52:08,806 [Worker-8] INFO  o.e.m.c.i.embedder.EclipseLogger - Using 'UTF-8' encoding to copy filtered resources.
2014-12-24 10:52:08,806 [Worker-8] INFO  o.e.m.c.i.embedder.EclipseLogger - skip non existing resourceDirectory /Users/rbo/TP_Middleware/tp1_rmi/src/test/resources
2014-12-24 10:52:08,811 [Worker-8] INFO  o.e.m.c.i.embedder.EclipseLogger - Using 'UTF-8' encoding to copy filtered resources.
2014-12-24 10:52:08,812 [Worker-8] INFO  o.e.m.c.i.embedder.EclipseLogger - skip non existing resourceDirectory /Users/rbo/TP_Middleware/tp2_rmi/src/main/resources
2014-12-24 10:52:08,813 [Worker-8] INFO  o.e.m.c.i.embedder.EclipseLogger - Using 'UTF-8' encoding to copy filtered resources.
2014-12-24 10:52:08,813 [Worker-8] INFO  o.e.m.c.i.embedder.EclipseLogger - skip non existing resourceDirectory /Users/rbo/TP_Middleware/tp2_rmi/src/test/resources
2014-12-24 10:52:15,735 [Worker-9] INFO  o.e.m.c.i.embedder.EclipseLogger - Using 'UTF-8' encoding to copy filtered resources.
2014-12-24 10:52:15,735 [Worker-9] INFO  o.e.m.c.i.embedder.EclipseLogger - skip non existing resourceDirectory /Users/rbo/TP_Middleware/tp2_rmi/src/main/resources
2014-12-24 10:52:15,739 [Worker-9] INFO  o.e.m.c.i.embedder.EclipseLogger - Using 'UTF-8' encoding to copy filtered resources.
2014-12-24 10:52:15,739 [Worker-9] INFO  o.e.m.c.i.embedder.EclipseLogger - skip non existing resourceDirectory /Users/rbo/TP_Middleware/tp2_rmi/src/test/resources
2014-12-24 10:52:30,669 [Worker-2] INFO  o.e.m.c.i.embedder.EclipseLogger - Using 'UTF-8' encoding to copy filtered resources.
2014-12-24 10:52:30,670 [Worker-2] INFO  o.e.m.c.i.embedder.EclipseLogger - skip non existing resourceDirectory /Users/rbo/TP_Middleware/tp2_rmi/src/main/resources
2014-12-24 10:52:30,671 [Worker-2] INFO  o.e.m.c.i.embedder.EclipseLogger - Using 'UTF-8' encoding to copy filtered resources.
2014-12-24 10:52:30,672 [Worker-2] INFO  o.e.m.c.i.embedder.EclipseLogger - skip non existing resourceDirectory /Users/rbo/TP_Middleware/tp2_rmi/src/test/resources
2014-12-24 10:53:09,512 [Worker-2] INFO  o.e.m.c.i.embedder.EclipseLogger - Using 'UTF-8' encoding to copy filtered resources.
2014-12-24 10:53:09,512 [Worker-2] INFO  o.e.m.c.i.embedder.EclipseLogger - skip non existing resourceDirectory /Users/rbo/TP_Middleware/tp2_rmi/src/main/resources
2014-12-24 10:53:09,514 [Worker-2] INFO  o.e.m.c.i.embedder.EclipseLogger - Using 'UTF-8' encoding to copy filtered resources.
2014-12-24 10:53:09,514 [Worker-2] INFO  o.e.m.c.i.embedder.EclipseLogger - skip non existing resourceDirectory /Users/rbo/TP_Middleware/tp2_rmi/src/test/resources
2014-12-24 10:53:21,085 [Worker-0] INFO  o.e.m.c.i.embedder.EclipseLogger - Using 'UTF-8' encoding to copy filtered resources.
2014-12-24 10:53:21,085 [Worker-0] INFO  o.e.m.c.i.embedder.EclipseLogger - skip non existing resourceDirectory /Users/rbo/TP_Middleware/tp2_rmi/src/main/resources
2014-12-24 10:53:21,086 [Worker-0] INFO  o.e.m.c.i.embedder.EclipseLogger - Using 'UTF-8' encoding to copy filtered resources.
2014-12-24 10:53:21,087 [Worker-0] INFO  o.e.m.c.i.embedder.EclipseLogger - skip non existing resourceDirectory /Users/rbo/TP_Middleware/tp2_rmi/src/test/resources
